<?xml version="1.0" encoding="UTF-8"?>
<testsuite name="RecipesApplicationTest" tests="1" skipped="0" failures="0" errors="0" timestamp="2023-04-27T12:42:47" hostname="DESKTOP-JGBSKVN" time="37.104">
  <properties/>
  <testcase name="start" classname="RecipesApplicationTest" time="37.104"/>
  <system-out><![CDATA[?[1;31m
Start test 1?[0m
?[0;34m
?[0m?[0;34m  .   ____          _            __ _ _
?[0m?[0;34m /\\ / ___'_ __ _ _(_)_ __  __ _ \ \ \ \
?[0m?[0;34m( ( )\___ | '_ | '_| | '_ \/ _` | \ \ \ \
?[0m?[0;34m \\/  ___)| |_)| | | | | || (_| |  ) ) ) )
?[0m?[0;34m  '  |____| .__|_| |_|_| |_\__, | / / / /
?[0m?[0;34m =========|_|==============|___/=/_/_/_/
?[0m?[0;34m :: Spring Boot ::                (v2.5.6)
?[0m?[0;34m
?[0m?[0;34m2023-04-27 14:42:48.026  INFO 16892 --- [    Test worker] recipes.RecipesApplication               : Starting RecipesApplication using Java 17.0.6 on DESKTOP-JGBSKVN with PID 16892 (started by Kamil in C:\Users\Kamil\Desktop\Streams with Laur\Recipes\Recipes\task)
?[0m?[0;34m2023-04-27 14:42:48.030  INFO 16892 --- [    Test worker] recipes.RecipesApplication               : No active profile set, falling back to default profiles: default
?[0m?[0;34m2023-04-27 14:42:49.217  INFO 16892 --- [    Test worker] .s.d.r.c.RepositoryConfigurationDelegate : Bootstrapping Spring Data JPA repositories in DEFAULT mode.
?[0m?[0;34m2023-04-27 14:42:49.289  INFO 16892 --- [    Test worker] .s.d.r.c.RepositoryConfigurationDelegate : Finished Spring Data repository scanning in 60 ms. Found 2 JPA repository interfaces.
?[0m?[0;34m2023-04-27 14:42:49.996  INFO 16892 --- [    Test worker] o.s.b.w.embedded.tomcat.TomcatWebServer  : Tomcat initialized with port(s): 8881 (http)
?[0m?[0;34m2023-04-27 14:42:50.007  INFO 16892 --- [    Test worker] o.apache.catalina.core.StandardService   : Starting service [Tomcat]
?[0m?[0;34m2023-04-27 14:42:50.008  INFO 16892 --- [    Test worker] org.apache.catalina.core.StandardEngine  : Starting Servlet engine: [Apache Tomcat/9.0.54]
?[0m?[0;34m2023-04-27 14:42:50.128  INFO 16892 --- [    Test worker] o.a.c.c.C.[Tomcat].[localhost].[/]       : Initializing Spring embedded WebApplicationContext
?[0m?[0;34m2023-04-27 14:42:50.129  INFO 16892 --- [    Test worker] w.s.c.ServletWebServerApplicationContext : Root WebApplicationContext: initialization completed in 2052 ms
?[0m?[0;34m2023-04-27 14:42:50.271  INFO 16892 --- [    Test worker] com.zaxxer.hikari.HikariDataSource       : HikariPool-1 - Starting...
?[0m?[0;34m2023-04-27 14:42:50.543  INFO 16892 --- [    Test worker] com.zaxxer.hikari.HikariDataSource       : HikariPool-1 - Start completed.
?[0m?[0;34m2023-04-27 14:42:50.552  INFO 16892 --- [    Test worker] o.s.b.a.h2.H2ConsoleAutoConfiguration    : H2 console available at '/h2-console'. Database available at 'jdbc:h2:file:~/testdb'
?[0m?[0;34m2023-04-27 14:42:50.737  INFO 16892 --- [    Test worker] o.hibernate.jpa.internal.util.LogHelper  : HHH000204: Processing PersistenceUnitInfo [name: default]
?[0m?[0;34m2023-04-27 14:42:50.812  INFO 16892 --- [    Test worker] org.hibernate.Version                    : HHH000412: Hibernate ORM core version 5.4.32.Final
?[0m?[0;34m2023-04-27 14:42:51.010  INFO 16892 --- [    Test worker] o.hibernate.annotations.common.Version   : HCANN000001: Hibernate Commons Annotations {5.1.2.Final}
?[0m?[0;34m2023-04-27 14:42:51.166  INFO 16892 --- [    Test worker] org.hibernate.dialect.Dialect            : HHH000400: Using dialect: org.hibernate.dialect.H2Dialect
?[0m?[0;34m2023-04-27 14:42:52.168  INFO 16892 --- [    Test worker] o.h.e.t.j.p.i.JtaPlatformInitiator       : HHH000490: Using JtaPlatform implementation: [org.hibernate.engine.transaction.jta.platform.internal.NoJtaPlatform]
?[0m?[0;34m2023-04-27 14:42:52.183  INFO 16892 --- [    Test worker] j.LocalContainerEntityManagerFactoryBean : Initialized JPA EntityManagerFactory for persistence unit 'default'
?[0m?[0;34m2023-04-27 14:42:52.865  INFO 16892 --- [    Test worker] o.s.s.web.DefaultSecurityFilterChain     : Will secure any request with [org.springframework.security.web.context.request.async.WebAsyncManagerIntegrationFilter@54f62ac6, org.springframework.security.web.context.SecurityContextPersistenceFilter@765eb801, org.springframework.security.web.header.HeaderWriterFilter@55a07f97, org.springframework.security.web.authentication.logout.LogoutFilter@a70daf4, org.springframework.security.web.authentication.www.BasicAuthenticationFilter@4936fbc6, org.springframework.security.web.savedrequest.RequestCacheAwareFilter@7bdddfa4, org.springframework.security.web.servletapi.SecurityContextHolderAwareRequestFilter@1735e1c4, org.springframework.security.web.authentication.AnonymousAuthenticationFilter@7be86438, org.springframework.security.web.session.SessionManagementFilter@70ab1ce0, org.springframework.security.web.access.ExceptionTranslationFilter@74267ece, org.springframework.security.web.access.intercept.AuthorizationFilter@62158618]
?[0m?[0;34m2023-04-27 14:42:52.925  WARN 16892 --- [    Test worker] JpaBaseConfiguration$JpaWebConfiguration : spring.jpa.open-in-view is enabled by default. Therefore, database queries may be performed during view rendering. Explicitly configure spring.jpa.open-in-view to disable this warning
?[0m?[0;34m2023-04-27 14:42:53.455  INFO 16892 --- [    Test worker] o.s.b.a.e.web.EndpointLinksResolver      : Exposing 14 endpoint(s) beneath base path '/actuator'
?[0m?[0;34m2023-04-27 14:42:53.510  INFO 16892 --- [    Test worker] o.s.b.w.embedded.tomcat.TomcatWebServer  : Tomcat started on port(s): 8881 (http) with context path ''
?[0m?[0;34m2023-04-27 14:42:53.530  INFO 16892 --- [    Test worker] recipes.RecipesApplication               : Started RecipesApplication in 5.927 seconds (JVM running for 6.9)
?[0;34m2023-04-27 14:42:53.878  INFO 16892 --- [nio-8881-exec-1] o.a.c.c.C.[Tomcat].[localhost].[/]       : Initializing Spring DispatcherServlet 'dispatcherServlet'
?[0m?[0;34m2023-04-27 14:42:53.878  INFO 16892 --- [nio-8881-exec-1] o.s.web.servlet.DispatcherServlet        : Initializing Servlet 'dispatcherServlet'
?[0m?[0;34m2023-04-27 14:42:53.880  INFO 16892 --- [nio-8881-exec-1] o.s.web.servlet.DispatcherServlet        : Completed initialization in 2 ms
?[0m?[1;31m
Start test 2?[0m
?[1;31m
Start test 3?[0m
?[1;31m
Start test 4?[0m
?[1;31m
Start test 5?[0m
?[1;31m
Start test 6?[0m
?[1;31m
Start test 7?[0m
?[1;31m
Start test 8?[0m
?[1;31m
Start test 9?[0m
?[0;34m2023-04-27 14:42:54.882  INFO 16892 --- [nio-8881-exec-9] o.h.c.i.AbstractPersistentCollection     : HHH000496: Detaching an uninitialized collection with queued operations from a session: [recipes.model.User.recipes#118]
?[1;31m
Start test 10?[0m
?[0;34m2023-04-27 14:42:54.980  INFO 16892 --- [io-8881-exec-10] o.h.c.i.AbstractPersistentCollection     : HHH000496: Detaching an uninitialized collection with queued operations from a session: [recipes.model.User.recipes#118]
?[1;31m
Start test 11?[0m
?[1;31m
Start test 12?[0m
?[1;31m
Start test 13?[0m
?[0;34m2023-04-27 14:42:55.740  INFO 16892 --- [       Thread-5] j.LocalContainerEntityManagerFactoryBean : Closing JPA EntityManagerFactory for persistence unit 'default'
?[0m?[0;34m2023-04-27 14:42:55.742  INFO 16892 --- [       Thread-5] com.zaxxer.hikari.HikariDataSource       : HikariPool-1 - Shutdown initiated...
?[0m?[0;34m2023-04-27 14:42:55.744  INFO 16892 --- [       Thread-5] com.zaxxer.hikari.HikariDataSource       : HikariPool-1 - Shutdown completed.
?[0;34m
?[0m?[0;34m  .   ____          _            __ _ _
?[0m?[0;34m /\\ / ___'_ __ _ _(_)_ __  __ _ \ \ \ \
?[0m?[0;34m( ( )\___ | '_ | '_| | '_ \/ _` | \ \ \ \
?[0m?[0;34m \\/  ___)| |_)| | | | | || (_| |  ) ) ) )
?[0m?[0;34m  '  |____| .__|_| |_|_| |_\__, | / / / /
?[0m?[0;34m =========|_|==============|___/=/_/_/_/
?[0m?[0;34m :: Spring Boot ::                (v2.5.6)
?[0m?[0;34m
?[0m?[0;34m2023-04-27 14:43:06.085  INFO 16892 --- [    Test worker] recipes.RecipesApplication               : Starting RecipesApplication using Java 17.0.6 on DESKTOP-JGBSKVN with PID 16892 (started by Kamil in C:\Users\Kamil\Desktop\Streams with Laur\Recipes\Recipes\task)
?[0m?[0;34m2023-04-27 14:43:06.086  INFO 16892 --- [    Test worker] recipes.RecipesApplication               : No active profile set, falling back to default profiles: default
?[0m?[0;34m2023-04-27 14:43:06.387  INFO 16892 --- [    Test worker] .s.d.r.c.RepositoryConfigurationDelegate : Bootstrapping Spring Data JPA repositories in DEFAULT mode.
?[0m?[0;34m2023-04-27 14:43:06.401  INFO 16892 --- [    Test worker] .s.d.r.c.RepositoryConfigurationDelegate : Finished Spring Data repository scanning in 14 ms. Found 2 JPA repository interfaces.
?[0m?[0;34m2023-04-27 14:43:06.489  INFO 16892 --- [    Test worker] o.s.b.w.embedded.tomcat.TomcatWebServer  : Tomcat initialized with port(s): 8881 (http)
?[0m?[0;34m2023-04-27 14:43:06.490  INFO 16892 --- [    Test worker] o.apache.catalina.core.StandardService   : Starting service [Tomcat]
?[0m?[0;34m2023-04-27 14:43:06.491  INFO 16892 --- [    Test worker] org.apache.catalina.core.StandardEngine  : Starting Servlet engine: [Apache Tomcat/9.0.54]
?[0m?[0;34m2023-04-27 14:43:06.527  INFO 16892 --- [    Test worker] o.a.c.c.C.[Tomcat].[localhost].[/]       : Initializing Spring embedded WebApplicationContext
?[0m?[0;34m2023-04-27 14:43:06.527  INFO 16892 --- [    Test worker] w.s.c.ServletWebServerApplicationContext : Root WebApplicationContext: initialization completed in 436 ms
?[0m?[0;34m2023-04-27 14:43:06.559  INFO 16892 --- [    Test worker] com.zaxxer.hikari.HikariDataSource       : HikariPool-2 - Starting...
?[0m?[0;34m2023-04-27 14:43:06.561  INFO 16892 --- [    Test worker] com.zaxxer.hikari.HikariDataSource       : HikariPool-2 - Start completed.
?[0m?[0;34m2023-04-27 14:43:06.561  INFO 16892 --- [    Test worker] o.s.b.a.h2.H2ConsoleAutoConfiguration    : H2 console available at '/h2-console'. Database available at 'jdbc:h2:file:~/testdb'
?[0m?[0;34m2023-04-27 14:43:06.601  INFO 16892 --- [    Test worker] o.hibernate.jpa.internal.util.LogHelper  : HHH000204: Processing PersistenceUnitInfo [name: default]
?[0m?[0;34m2023-04-27 14:43:06.610  INFO 16892 --- [    Test worker] org.hibernate.dialect.Dialect            : HHH000400: Using dialect: org.hibernate.dialect.H2Dialect
?[0m?[0;34m2023-04-27 14:43:06.707  INFO 16892 --- [    Test worker] o.h.e.t.j.p.i.JtaPlatformInitiator       : HHH000490: Using JtaPlatform implementation: [org.hibernate.engine.transaction.jta.platform.internal.NoJtaPlatform]
?[0m?[0;34m2023-04-27 14:43:06.707  INFO 16892 --- [    Test worker] j.LocalContainerEntityManagerFactoryBean : Initialized JPA EntityManagerFactory for persistence unit 'default'
?[0m?[0;34m2023-04-27 14:43:06.818  INFO 16892 --- [    Test worker] o.s.s.web.DefaultSecurityFilterChain     : Will secure any request with [org.springframework.security.web.context.request.async.WebAsyncManagerIntegrationFilter@68fb6c1e, org.springframework.security.web.context.SecurityContextPersistenceFilter@2f95ce11, org.springframework.security.web.header.HeaderWriterFilter@1cb4cad0, org.springframework.security.web.authentication.logout.LogoutFilter@335ff774, org.springframework.security.web.authentication.www.BasicAuthenticationFilter@2453cbb7, org.springframework.security.web.savedrequest.RequestCacheAwareFilter@2f349170, org.springframework.security.web.servletapi.SecurityContextHolderAwareRequestFilter@15ec3c0c, org.springframework.security.web.authentication.AnonymousAuthenticationFilter@a89dec0, org.springframework.security.web.session.SessionManagementFilter@3152d449, org.springframework.security.web.access.ExceptionTranslationFilter@557abb68, org.springframework.security.web.access.intercept.AuthorizationFilter@4c131823]
?[0m?[0;34m2023-04-27 14:43:06.846  WARN 16892 --- [    Test worker] JpaBaseConfiguration$JpaWebConfiguration : spring.jpa.open-in-view is enabled by default. Therefore, database queries may be performed during view rendering. Explicitly configure spring.jpa.open-in-view to disable this warning
?[0m?[0;34m2023-04-27 14:43:07.008  INFO 16892 --- [    Test worker] o.s.b.a.e.web.EndpointLinksResolver      : Exposing 14 endpoint(s) beneath base path '/actuator'
?[0m?[0;34m2023-04-27 14:43:07.023  INFO 16892 --- [    Test worker] o.s.b.w.embedded.tomcat.TomcatWebServer  : Tomcat started on port(s): 8881 (http) with context path ''
?[0m?[0;34m2023-04-27 14:43:07.029  INFO 16892 --- [    Test worker] recipes.RecipesApplication               : Started RecipesApplication in 0.99 seconds (JVM running for 20.398)
?[0m?[1;31m
Start test 14?[0m
?[0;34m2023-04-27 14:43:07.037  INFO 16892 --- [nio-8881-exec-1] o.a.c.c.C.[Tomcat].[localhost].[/]       : Initializing Spring DispatcherServlet 'dispatcherServlet'
?[0m?[0;34m2023-04-27 14:43:07.037  INFO 16892 --- [nio-8881-exec-1] o.s.web.servlet.DispatcherServlet        : Initializing Servlet 'dispatcherServlet'
?[0m?[0;34m2023-04-27 14:43:07.039  INFO 16892 --- [nio-8881-exec-1] o.s.web.servlet.DispatcherServlet        : Completed initialization in 2 ms
?[1;31m
Start test 15?[0m
?[1;31m
Start test 16?[0m
?[1;31m
Start test 17?[0m
?[1;31m
Start test 18?[0m
?[1;31m
Start test 19?[0m
?[1;31m
Start test 20?[0m
?[1;31m
Start test 21?[0m
?[1;31m
Start test 22?[0m
?[0;34m2023-04-27 14:43:07.908  INFO 16892 --- [nio-8881-exec-9] o.h.c.i.AbstractPersistentCollection     : HHH000496: Detaching an uninitialized collection with queued operations from a session: [recipes.model.User.recipes#118]
?[1;31m
Start test 23?[0m
?[0;34m2023-04-27 14:43:08.001  INFO 16892 --- [io-8881-exec-10] o.h.c.i.AbstractPersistentCollection     : HHH000496: Detaching an uninitialized collection with queued operations from a session: [recipes.model.User.recipes#118]
?[1;31m
Start test 24?[0m
?[0m?[0;34m2023-04-27 14:43:08.097  INFO 16892 --- [nio-8881-exec-1] o.h.c.i.AbstractPersistentCollection     : HHH000496: Detaching an uninitialized collection with queued operations from a session: [recipes.model.User.recipes#118]
?[1;31m
Start test 25?[0m
?[0;34m2023-04-27 14:43:08.191  INFO 16892 --- [nio-8881-exec-2] o.h.c.i.AbstractPersistentCollection     : HHH000496: Detaching an uninitialized collection with queued operations from a session: [recipes.model.User.recipes#118]
?[1;31m
Start test 26?[0m
?[0;34m2023-04-27 14:43:08.287  INFO 16892 --- [nio-8881-exec-3] o.h.c.i.AbstractPersistentCollection     : HHH000496: Detaching an uninitialized collection with queued operations from a session: [recipes.model.User.recipes#118]
?[1;31m
Start test 27?[0m
?[0;34m2023-04-27 14:43:08.385  INFO 16892 --- [nio-8881-exec-4] o.h.c.i.AbstractPersistentCollection     : HHH000496: Detaching an uninitialized collection with queued operations from a session: [recipes.model.User.recipes#118]
?[1;31m
Start test 28?[0m
?[0;34m2023-04-27 14:43:08.480  INFO 16892 --- [nio-8881-exec-5] o.h.c.i.AbstractPersistentCollection     : HHH000496: Detaching an uninitialized collection with queued operations from a session: [recipes.model.User.recipes#118]
?[1;31m
Start test 29?[0m
?[0;34m2023-04-27 14:43:08.573  INFO 16892 --- [nio-8881-exec-6] o.h.c.i.AbstractPersistentCollection     : HHH000496: Detaching an uninitialized collection with queued operations from a session: [recipes.model.User.recipes#118]
?[1;31m
Start test 30?[0m
?[0;34m2023-04-27 14:43:08.672  INFO 16892 --- [nio-8881-exec-7] o.h.c.i.AbstractPersistentCollection     : HHH000496: Detaching an uninitialized collection with queued operations from a session: [recipes.model.User.recipes#118]
?[1;31m
Start test 31?[0m
?[0;34m2023-04-27 14:43:08.767  INFO 16892 --- [nio-8881-exec-8] o.h.c.i.AbstractPersistentCollection     : HHH000496: Detaching an uninitialized collection with queued operations from a session: [recipes.model.User.recipes#118]
?[1;31m
Start test 32?[0m
?[0m?[0;34m2023-04-27 14:43:08.862  INFO 16892 --- [nio-8881-exec-9] o.h.c.i.AbstractPersistentCollection     : HHH000496: Detaching an uninitialized collection with queued operations from a session: [recipes.model.User.recipes#118]
?[1;31m
Start test 33?[0m
?[0m?[0;34m2023-04-27 14:43:08.959  INFO 16892 --- [io-8881-exec-10] o.h.c.i.AbstractPersistentCollection     : HHH000496: Detaching an uninitialized collection with queued operations from a session: [recipes.model.User.recipes#118]
?[1;31m
Start test 34?[0m
?[0m?[0;34m2023-04-27 14:43:09.053  INFO 16892 --- [nio-8881-exec-1] o.h.c.i.AbstractPersistentCollection     : HHH000496: Detaching an uninitialized collection with queued operations from a session: [recipes.model.User.recipes#118]
?[1;31m
Start test 35?[0m
?[1;31m
Start test 36?[0m
?[1;31m
Start test 37?[0m
?[1;31m
Start test 38?[0m
?[1;31m
Start test 39?[0m
?[1;31m
Start test 40?[0m
?[1;31m
Start test 41?[0m
?[1;31m
Start test 42?[0m
?[1;31m
Start test 43?[0m
?[1;31m
Start test 44?[0m
?[1;31m
Start test 45?[0m
?[1;31m
Start test 46?[0m
?[1;31m
Start test 47?[0m
?[1;31m
Start test 48?[0m
?[1;31m
Start test 49?[0m
?[1;31m
Start test 50?[0m
?[1;31m
Start test 51?[0m
?[1;31m
Start test 52?[0m
?[1;31m
Start test 53?[0m
?[1;31m
Start test 54?[0m
?[1;31m
Start test 55?[0m
?[1;31m
Start test 56?[0m
?[1;31m
Start test 57?[0m
?[1;31m
Start test 58?[0m
?[1;31m
Start test 59?[0m
?[1;31m
Start test 60?[0m
?[1;31m
Start test 61?[0m
?[1;31m
Start test 62?[0m
?[1;31m
Start test 63?[0m
?[0;34m2023-04-27 14:43:11.858  INFO 16892 --- [       Thread-7] j.LocalContainerEntityManagerFactoryBean : Closing JPA EntityManagerFactory for persistence unit 'default'
?[0m?[0;34m2023-04-27 14:43:11.859  INFO 16892 --- [       Thread-7] com.zaxxer.hikari.HikariDataSource       : HikariPool-2 - Shutdown initiated...
?[0m?[0;34m2023-04-27 14:43:11.860  INFO 16892 --- [       Thread-7] com.zaxxer.hikari.HikariDataSource       : HikariPool-2 - Shutdown completed.
?[0;34m
?[0m?[0;34m  .   ____          _            __ _ _
?[0m?[0;34m /\\ / ___'_ __ _ _(_)_ __  __ _ \ \ \ \
?[0m?[0;34m( ( )\___ | '_ | '_| | '_ \/ _` | \ \ \ \
?[0m?[0;34m \\/  ___)| |_)| | | | | || (_| |  ) ) ) )
?[0m?[0;34m  '  |____| .__|_| |_|_| |_\__, | / / / /
?[0m?[0;34m =========|_|==============|___/=/_/_/_/
?[0m?[0;34m :: Spring Boot ::                (v2.5.6)
?[0m?[0;34m
?[0m?[0;34m2023-04-27 14:43:22.306  INFO 16892 --- [    Test worker] recipes.RecipesApplication               : Starting RecipesApplication using Java 17.0.6 on DESKTOP-JGBSKVN with PID 16892 (started by Kamil in C:\Users\Kamil\Desktop\Streams with Laur\Recipes\Recipes\task)
?[0m?[0;34m2023-04-27 14:43:22.306  INFO 16892 --- [    Test worker] recipes.RecipesApplication               : No active profile set, falling back to default profiles: default
?[0m?[0;34m2023-04-27 14:43:22.583  INFO 16892 --- [    Test worker] .s.d.r.c.RepositoryConfigurationDelegate : Bootstrapping Spring Data JPA repositories in DEFAULT mode.
?[0m?[0;34m2023-04-27 14:43:22.597  INFO 16892 --- [    Test worker] .s.d.r.c.RepositoryConfigurationDelegate : Finished Spring Data repository scanning in 13 ms. Found 2 JPA repository interfaces.
?[0m?[0;34m2023-04-27 14:43:22.680  INFO 16892 --- [    Test worker] o.s.b.w.embedded.tomcat.TomcatWebServer  : Tomcat initialized with port(s): 8881 (http)
?[0m?[0;34m2023-04-27 14:43:22.681  INFO 16892 --- [    Test worker] o.apache.catalina.core.StandardService   : Starting service [Tomcat]
?[0m?[0;34m2023-04-27 14:43:22.681  INFO 16892 --- [    Test worker] org.apache.catalina.core.StandardEngine  : Starting Servlet engine: [Apache Tomcat/9.0.54]
?[0m?[0;34m2023-04-27 14:43:22.716  INFO 16892 --- [    Test worker] o.a.c.c.C.[Tomcat].[localhost].[/]       : Initializing Spring embedded WebApplicationContext
?[0m?[0;34m2023-04-27 14:43:22.716  INFO 16892 --- [    Test worker] w.s.c.ServletWebServerApplicationContext : Root WebApplicationContext: initialization completed in 406 ms
?[0m?[0;34m2023-04-27 14:43:22.748  INFO 16892 --- [    Test worker] com.zaxxer.hikari.HikariDataSource       : HikariPool-3 - Starting...
?[0m?[0;34m2023-04-27 14:43:22.750  INFO 16892 --- [    Test worker] com.zaxxer.hikari.HikariDataSource       : HikariPool-3 - Start completed.
?[0m?[0;34m2023-04-27 14:43:22.750  INFO 16892 --- [    Test worker] o.s.b.a.h2.H2ConsoleAutoConfiguration    : H2 console available at '/h2-console'. Database available at 'jdbc:h2:file:~/testdb'
?[0m?[0;34m2023-04-27 14:43:22.790  INFO 16892 --- [    Test worker] o.hibernate.jpa.internal.util.LogHelper  : HHH000204: Processing PersistenceUnitInfo [name: default]
?[0m?[0;34m2023-04-27 14:43:22.799  INFO 16892 --- [    Test worker] org.hibernate.dialect.Dialect            : HHH000400: Using dialect: org.hibernate.dialect.H2Dialect
?[0m?[0;34m2023-04-27 14:43:22.886  INFO 16892 --- [    Test worker] o.h.e.t.j.p.i.JtaPlatformInitiator       : HHH000490: Using JtaPlatform implementation: [org.hibernate.engine.transaction.jta.platform.internal.NoJtaPlatform]
?[0m?[0;34m2023-04-27 14:43:22.887  INFO 16892 --- [    Test worker] j.LocalContainerEntityManagerFactoryBean : Initialized JPA EntityManagerFactory for persistence unit 'default'
?[0m?[0;34m2023-04-27 14:43:22.989  INFO 16892 --- [    Test worker] o.s.s.web.DefaultSecurityFilterChain     : Will secure any request with [org.springframework.security.web.context.request.async.WebAsyncManagerIntegrationFilter@676c3745, org.springframework.security.web.context.SecurityContextPersistenceFilter@237bdd46, org.springframework.security.web.header.HeaderWriterFilter@5b628249, org.springframework.security.web.authentication.logout.LogoutFilter@4b6abf4e, org.springframework.security.web.authentication.www.BasicAuthenticationFilter@796267e8, org.springframework.security.web.savedrequest.RequestCacheAwareFilter@7e32442d, org.springframework.security.web.servletapi.SecurityContextHolderAwareRequestFilter@310df168, org.springframework.security.web.authentication.AnonymousAuthenticationFilter@6cbbfe03, org.springframework.security.web.session.SessionManagementFilter@727eae52, org.springframework.security.web.access.ExceptionTranslationFilter@1a18e18d, org.springframework.security.web.access.intercept.AuthorizationFilter@794daa09]
?[0m?[0;34m2023-04-27 14:43:23.015  WARN 16892 --- [    Test worker] JpaBaseConfiguration$JpaWebConfiguration : spring.jpa.open-in-view is enabled by default. Therefore, database queries may be performed during view rendering. Explicitly configure spring.jpa.open-in-view to disable this warning
?[0m?[0;34m2023-04-27 14:43:23.153  INFO 16892 --- [    Test worker] o.s.b.a.e.web.EndpointLinksResolver      : Exposing 14 endpoint(s) beneath base path '/actuator'
?[0m?[0;34m2023-04-27 14:43:23.168  INFO 16892 --- [    Test worker] o.s.b.w.embedded.tomcat.TomcatWebServer  : Tomcat started on port(s): 8881 (http) with context path ''
?[0m?[0;34m2023-04-27 14:43:23.173  INFO 16892 --- [    Test worker] recipes.RecipesApplication               : Started RecipesApplication in 0.891 seconds (JVM running for 36.542)
?[0m?[1;31m
Start test 64?[0m
?[0;34m2023-04-27 14:43:23.179  INFO 16892 --- [nio-8881-exec-1] o.a.c.c.C.[Tomcat].[localhost].[/]       : Initializing Spring DispatcherServlet 'dispatcherServlet'
?[0m?[0;34m2023-04-27 14:43:23.179  INFO 16892 --- [nio-8881-exec-1] o.s.web.servlet.DispatcherServlet        : Initializing Servlet 'dispatcherServlet'
?[0m?[0;34m2023-04-27 14:43:23.180  INFO 16892 --- [nio-8881-exec-1] o.s.web.servlet.DispatcherServlet        : Completed initialization in 1 ms
?[0m?[0;34m2023-04-27 14:43:23.347  INFO 16892 --- [nio-8881-exec-1] o.h.c.i.AbstractPersistentCollection     : HHH000496: Detaching an uninitialized collection with queued operations from a session: [recipes.model.User.recipes#117]
?[1;31m
Start test 65?[0m
?[1;31m
Start test 66?[0m
?[1;31m
Start test 67?[0m
?[1;31m
Start test 68?[0m
?[1;31m
Start test 69?[0m
?[1;31m
Start test 70?[0m
?[1;31m
Start test 71?[0m
?[1;31m
Start test 72?[0m
?[1;31m
Start test 73?[0m
?[1;31m
Start test 74?[0m
?[1;31m
Start test 75?[0m
?[1;31m
Start test 76?[0m
?[1;31m
Start test 77?[0m
?[1;31m
Start test 78?[0m
?[1;31m
Start test 79?[0m
?[1;31m
Start test 80?[0m
?[1;31m
Start test 81?[0m
]]></system-out>
  <system-err><![CDATA[]]></system-err>
</testsuite>
